#
# There is insufficient memory for the Java Runtime Environment to continue.
# Native memory allocation (malloc) failed to allocate 1202096 bytes for Chunk::new
# Possible reasons:
#   The system is out of physical RAM or swap space
#   The process is running with CompressedOops enabled, and the Java Heap may be blocking the growth of the native heap
# Possible solutions:
#   Reduce memory load on the system
#   Increase physical memory or swap space
#   Check if swap backing store is full
#   Decrease Java heap size (-Xmx/-Xms)
#   Decrease number of Java threads
#   Decrease Java thread stack sizes (-Xss)
#   Set larger code cache with -XX:ReservedCodeCacheSize=
#   JVM is running with Unscaled Compressed Oops mode in which the Java heap is
#     placed in the first 4GB address space. The Java Heap base address is the
#     maximum limit for the native heap growth. Please use -XX:HeapBaseMinAddress
#     to set the Java Heap base and to place the Java Heap above 4GB virtual address.
# This output file may be truncated or incomplete.
#
#  Out of Memory Error (./src/hotspot/share/memory/arena.cpp:197), pid=20500, tid=14888
#
# JRE version: OpenJDK Runtime Environment JBR-11.0.9.1.11-1145.77-jcef (11.0.9.1+11) (build 11.0.9.1+11-b1145.77)
# Java VM: OpenJDK 64-Bit Server VM JBR-11.0.9.1.11-1145.77-jcef (11.0.9.1+11-b1145.77, mixed mode, tiered, compressed oops, g1 gc, windows-amd64)
# No core dump will be written. Minidumps are not enabled by default on client versions of Windows
#

---------------  S U M M A R Y ------------

Command Line: -Djava.rmi.server.hostname=127.0.0.1 -Duser.timezone=UTC -Xmx1009m -Xms128m -Dfile.encoding=UTF-8 com.intellij.database.remote.RemoteJdbcServer com.mysql.cj.jdbc.Driver

Host: Intel(R) Core(TM) i7-7700HQ CPU @ 2.80GHz, 8 cores, 7G,  Windows 10 , 64 bit Build 19041 (10.0.19041.1023)
Time: Thu Jun 17 12:03:41 2021 RTZ 2 (зима) elapsed time: 0.857763 seconds (0d 0h 0m 0s)

---------------  T H R E A D  ---------------

Current thread (0x0000021c64d54000):  JavaThread "C2 CompilerThread1" daemon [_thread_in_native, id=14888, stack(0x00000077f6f00000,0x00000077f7000000)]


Current CompileTask:
C2:    857  642       4       jdk.internal.org.objectweb.asm.Frame::execute (2264 bytes)

Stack: [0x00000077f6f00000,0x00000077f7000000]
Native frames: (J=compiled Java code, j=interpreted, Vv=VM code, C=native code)
V  [jvm.dll+0x5edd9a]
V  [jvm.dll+0x7229c5]
V  [jvm.dll+0x723f1d]
V  [jvm.dll+0x7245d3]
V  [jvm.dll+0x2431b8]
V  [jvm.dll+0xbc34c]
V  [jvm.dll+0xbc84c]
V  [jvm.dll+0x35358d]
V  [jvm.dll+0x3211f3]
V  [jvm.dll+0x3206ea]
V  [jvm.dll+0x1fc012]
V  [jvm.dll+0x1fb1e4]
V  [jvm.dll+0x183aac]
V  [jvm.dll+0x209957]
V  [jvm.dll+0x2081a1]
V  [jvm.dll+0x6eb73f]
V  [jvm.dll+0x6e42d5]
V  [jvm.dll+0x5ecd46]
C  [ucrtbase.dll+0x21bb2]
C  [KERNEL32.DLL+0x17034]
C  [ntdll.dll+0x52651]


---------------  P R O C E S S  ---------------

Threads class SMR info:
_java_thread_list=0x0000021c64d41260, length=21, elements={
0x0000021c4b778000, 0x0000021c63e4d000, 0x0000021c63e56000, 0x0000021c63e67000,
0x0000021c63e68000, 0x0000021c63e69000, 0x0000021c63e6e000, 0x0000021c63e70800,
0x0000021c6497c800, 0x0000021c64981800, 0x0000021c64a4c800, 0x0000021c64cb0800,
0x0000021c64d0b800, 0x0000021c64d0c000, 0x0000021c64d17000, 0x0000021c64d18800,
0x0000021c64d1e000, 0x0000021c64d54000, 0x0000021c64d36000, 0x0000021c64ed0800,
0x0000021c65032800
}

Java Threads: ( => current thread )
  0x0000021c4b778000 JavaThread "main" [_thread_blocked, id=23524, stack(0x00000077f5700000,0x00000077f5800000)]
  0x0000021c63e4d000 JavaThread "Reference Handler" daemon [_thread_blocked, id=22256, stack(0x00000077f5e00000,0x00000077f5f00000)]
  0x0000021c63e56000 JavaThread "Finalizer" daemon [_thread_blocked, id=2412, stack(0x00000077f5f00000,0x00000077f6000000)]
  0x0000021c63e67000 JavaThread "Signal Dispatcher" daemon [_thread_blocked, id=16492, stack(0x00000077f6000000,0x00000077f6100000)]
  0x0000021c63e68000 JavaThread "Attach Listener" daemon [_thread_blocked, id=22928, stack(0x00000077f6100000,0x00000077f6200000)]
  0x0000021c63e69000 JavaThread "C2 CompilerThread0" daemon [_thread_blocked, id=20672, stack(0x00000077f6200000,0x00000077f6300000)]
  0x0000021c63e6e000 JavaThread "C1 CompilerThread0" daemon [_thread_blocked, id=22276, stack(0x00000077f6300000,0x00000077f6400000)]
  0x0000021c63e70800 JavaThread "Sweeper thread" daemon [_thread_blocked, id=16536, stack(0x00000077f6400000,0x00000077f6500000)]
  0x0000021c6497c800 JavaThread "Service Thread" daemon [_thread_blocked, id=8120, stack(0x00000077f6500000,0x00000077f6600000)]
  0x0000021c64981800 JavaThread "Common-Cleaner" daemon [_thread_blocked, id=23204, stack(0x00000077f6700000,0x00000077f6800000)]
  0x0000021c64a4c800 JavaThread "mysql-cj-abandoned-connection-cleanup" daemon [_thread_blocked, id=20176, stack(0x00000077f6800000,0x00000077f6900000)]
  0x0000021c64cb0800 JavaThread "RMI TCP Accept-47523" daemon [_thread_in_native, id=14984, stack(0x00000077f6900000,0x00000077f6a00000)]
  0x0000021c64d0b800 JavaThread "RMI TCP Accept-0" daemon [_thread_in_native, id=20360, stack(0x00000077f6a00000,0x00000077f6b00000)]
  0x0000021c64d0c000 JavaThread "RMI Reaper" [_thread_blocked, id=21428, stack(0x00000077f6b00000,0x00000077f6c00000)]
  0x0000021c64d17000 JavaThread "RMI GC Daemon" daemon [_thread_blocked, id=22384, stack(0x00000077f6c00000,0x00000077f6d00000)]
  0x0000021c64d18800 JavaThread "RMI TCP Connection(1)-127.0.0.1" daemon [_thread_in_native, id=17692, stack(0x00000077f6d00000,0x00000077f6e00000)]
  0x0000021c64d1e000 JavaThread "RMI TCP Connection(2)-127.0.0.1" daemon [_thread_in_native, id=9620, stack(0x00000077f6e00000,0x00000077f6f00000)]
=>0x0000021c64d54000 JavaThread "C2 CompilerThread1" daemon [_thread_in_native, id=14888, stack(0x00000077f6f00000,0x00000077f7000000)]
  0x0000021c64d36000 JavaThread "RMI Scheduler(0)" daemon [_thread_blocked, id=19648, stack(0x00000077f7000000,0x00000077f7100000)]
  0x0000021c64ed0800 JavaThread "RMI TCP Connection(3)-127.0.0.1" daemon [_thread_in_native, id=17812, stack(0x00000077f7100000,0x00000077f7200000)]
  0x0000021c65032800 JavaThread "RMI RenewClean-[127.0.0.1:56217]" daemon [_thread_blocked, id=21360, stack(0x00000077f7200000,0x00000077f7300000)]

Other Threads:
  0x0000021c63e29000 VMThread "VM Thread" [stack: 0x00000077f5d00000,0x00000077f5e00000] [id=17072]
  0x0000021c64990800 WatcherThread [stack: 0x00000077f6600000,0x00000077f6700000] [id=20820]
  0x0000021c4b794000 GCTaskThread "GC Thread#0" [stack: 0x00000077f5800000,0x00000077f5900000] [id=17660]
  0x0000021c4b7ae000 ConcurrentGCThread "G1 Main Marker" [stack: 0x00000077f5900000,0x00000077f5a00000] [id=21940]
  0x0000021c4b7af800 ConcurrentGCThread "G1 Conc#0" [stack: 0x00000077f5a00000,0x00000077f5b00000] [id=19364]
  0x0000021c4b850800 ConcurrentGCThread "G1 Refine#0" [stack: 0x00000077f5b00000,0x00000077f5c00000] [id=1360]
  0x0000021c4b852800 ConcurrentGCThread "G1 Young RemSet Sampling" [stack: 0x00000077f5c00000,0x00000077f5d00000] [id=16320]

Threads with active compile tasks:
C2 CompilerThread1    894  642       4       jdk.internal.org.objectweb.asm.Frame::execute (2264 bytes)

VM state:not at safepoint (normal execution)

VM Mutex/Monitor currently owned by a thread: None

Heap address: 0x00000000c0e00000, size: 1010 MB, Compressed Oops mode: 32-bit
Narrow klass base: 0x0000000000000000, Narrow klass shift: 3
Compressed class space size: 1073741824 Address: 0x0000000100000000

Heap:
 garbage-first heap   total 131072K, used 9216K [0x00000000c0e00000, 0x0000000100000000)
  region size 1024K, 10 young (10240K), 0 survivors (0K)
 Metaspace       used 10150K, capacity 10507K, committed 10752K, reserved 1058816K
  class space    used 1041K, capacity 1203K, committed 1280K, reserved 1048576K
Heap Regions: E=young(eden), S=young(survivor), O=old, HS=humongous(starts), HC=humongous(continues), CS=collection set, F=free, A=archive, TAMS=top-at-mark-start (previous, next)
|   0|0x00000000c0e00000, 0x00000000c0e00000, 0x00000000c0f00000|  0%| F|  |TAMS 0x00000000c0e00000, 0x00000000c0e00000| Untracked 
|   1|0x00000000c0f00000, 0x00000000c0f00000, 0x00000000c1000000|  0%| F|  |TAMS 0x00000000c0f00000, 0x00000000c0f00000| Untracked 
|   2|0x00000000c1000000, 0x00000000c1000000, 0x00000000c1100000|  0%| F|  |TAMS 0x00000000c1000000, 0x00000000c1000000| Untracked 
|   3|0x00000000c1100000, 0x00000000c1100000, 0x00000000c1200000|  0%| F|  |TAMS 0x00000000c1100000, 0x00000000c1100000| Untracked 
|   4|0x00000000c1200000, 0x00000000c1200000, 0x00000000c1300000|  0%| F|  |TAMS 0x00000000c1200000, 0x00000000c1200000| Untracked 
|   5|0x00000000c1300000, 0x00000000c1300000, 0x00000000c1400000|  0%| F|  |TAMS 0x00000000c1300000, 0x00000000c1300000| Untracked 
|   6|0x00000000c1400000, 0x00000000c1400000, 0x00000000c1500000|  0%| F|  |TAMS 0x00000000c1400000, 0x00000000c1400000| Untracked 
|   7|0x00000000c1500000, 0x00000000c1500000, 0x00000000c1600000|  0%| F|  |TAMS 0x00000000c1500000, 0x00000000c1500000| Untracked 
|   8|0x00000000c1600000, 0x00000000c1600000, 0x00000000c1700000|  0%| F|  |TAMS 0x00000000c1600000, 0x00000000c1600000| Untracked 
|   9|0x00000000c1700000, 0x00000000c1700000, 0x00000000c1800000|  0%| F|  |TAMS 0x00000000c1700000, 0x00000000c1700000| Untracked 
|  10|0x00000000c1800000, 0x00000000c1800000, 0x00000000c1900000|  0%| F|  |TAMS 0x00000000c1800000, 0x00000000c1800000| Untracked 
|  11|0x00000000c1900000, 0x00000000c1900000, 0x00000000c1a00000|  0%| F|  |TAMS 0x00000000c1900000, 0x00000000c1900000| Untracked 
|  12|0x00000000c1a00000, 0x00000000c1a00000, 0x00000000c1b00000|  0%| F|  |TAMS 0x00000000c1a00000, 0x00000000c1a00000| Untracked 
|  13|0x00000000c1b00000, 0x00000000c1b00000, 0x00000000c1c00000|  0%| F|  |TAMS 0x00000000c1b00000, 0x00000000c1b00000| Untracked 
|  14|0x00000000c1c00000, 0x00000000c1c00000, 0x00000000c1d00000|  0%| F|  |TAMS 0x00000000c1c00000, 0x00000000c1c00000| Untracked 
|  15|0x00000000c1d00000, 0x00000000c1d00000, 0x00000000c1e00000|  0%| F|  |TAMS 0x00000000c1d00000, 0x00000000c1d00000| Untracked 
|  16|0x00000000c1e00000, 0x00000000c1e00000, 0x00000000c1f00000|  0%| F|  |TAMS 0x00000000c1e00000, 0x00000000c1e00000| Untracked 
|  17|0x00000000c1f00000, 0x00000000c1f00000, 0x00000000c2000000|  0%| F|  |TAMS 0x00000000c1f00000, 0x00000000c1f00000| Untracked 
|  18|0x00000000c2000000, 0x00000000c2000000, 0x00000000c2100000|  0%| F|  |TAMS 0x00000000c2000000, 0x00000000c2000000| Untracked 
|  19|0x00000000c2100000, 0x00000000c2100000, 0x00000000c2200000|  0%| F|  |TAMS 0x00000000c2100000, 0x00000000c2100000| Untracked 
|  20|0x00000000c2200000, 0x00000000c2200000, 0x00000000c2300000|  0%| F|  |TAMS 0x00000000c2200000, 0x00000000c2200000| Untracked 
|  21|0x00000000c2300000, 0x00000000c2300000, 0x00000000c2400000|  0%| F|  |TAMS 0x00000000c2300000, 0x00000000c2300000| Untracked 
|  22|0x00000000c2400000, 0x00000000c2400000, 0x00000000c2500000|  0%| F|  |TAMS 0x00000000c2400000, 0x00000000c2400000| Untracked 
|  23|0x00000000c2500000, 0x00000000c2500000, 0x00000000c2600000|  0%| F|  |TAMS 0x00000000c2500000, 0x00000000c2500000| Untracked 
|  24|0x00000000c2600000, 0x00000000c2600000, 0x00000000c2700000|  0%| F|  |TAMS 0x00000000c2600000, 0x00000000c2600000| Untracked 
|  25|0x00000000c2700000, 0x00000000c2700000, 0x00000000c2800000|  0%| F|  |TAMS 0x00000000c2700000, 0x00000000c2700000| Untracked 
|  26|0x00000000c2800000, 0x00000000c2800000, 0x00000000c2900000|  0%| F|  |TAMS 0x00000000c2800000, 0x00000000c2800000| Untracked 
|  27|0x00000000c2900000, 0x00000000c2900000, 0x00000000c2a00000|  0%| F|  |TAMS 0x00000000c2900000, 0x00000000c2900000| Untracked 
|  28|0x00000000c2a00000, 0x00000000c2a00000, 0x00000000c2b00000|  0%| F|  |TAMS 0x00000000c2a00000, 0x00000000c2a00000| Untracked 
|  29|0x00000000c2b00000, 0x00000000c2b00000, 0x00000000c2c00000|  0%| F|  |TAMS 0x00000000c2b00000, 0x00000000c2b00000| Untracked 
|  30|0x00000000c2c00000, 0x00000000c2c00000, 0x00000000c2d00000|  0%| F|  |TAMS 0x00000000c2c00000, 0x00000000c2c00000| Untracked 
|  31|0x00000000c2d00000, 0x00000000c2d00000, 0x00000000c2e00000|  0%| F|  |TAMS 0x00000000c2d00000, 0x00000000c2d00000| Untracked 
|  32|0x00000000c2e00000, 0x00000000c2e00000, 0x00000000c2f00000|  0%| F|  |TAMS 0x00000000c2e00000, 0x00000000c2e00000| Untracked 
|  33|0x00000000c2f00000, 0x00000000c2f00000, 0x00000000c3000000|  0%| F|  |TAMS 0x00000000c2f00000, 0x00000000c2f00000| Untracked 
|  34|0x00000000c3000000, 0x00000000c3000000, 0x00000000c3100000|  0%| F|  |TAMS 0x00000000c3000000, 0x00000000c3000000| Untracked 
|  35|0x00000000c3100000, 0x00000000c3100000, 0x00000000c3200000|  0%| F|  |TAMS 0x00000000c3100000, 0x00000000c3100000| Untracked 
|  36|0x00000000c3200000, 0x00000000c3200000, 0x00000000c3300000|  0%| F|  |TAMS 0x00000000c3200000, 0x00000000c3200000| Untracked 
|  37|0x00000000c3300000, 0x00000000c3300000, 0x00000000c3400000|  0%| F|  |TAMS 0x00000000c3300000, 0x00000000c3300000| Untracked 
|  38|0x00000000c3400000, 0x00000000c3400000, 0x00000000c3500000|  0%| F|  |TAMS 0x00000000c3400000, 0x00000000c3400000| Untracked 
|  39|0x00000000c3500000, 0x00000000c3500000, 0x00000000c3600000|  0%| F|  |TAMS 0x00000000c3500000, 0x00000000c3500000| Untracked 
|  40|0x00000000c3600000, 0x00000000c3600000, 0x00000000c3700000|  0%| F|  |TAMS 0x00000000c3600000, 0x00000000c3600000| Untracked 
|  41|0x00000000c3700000, 0x00000000c3700000, 0x00000000c3800000|  0%| F|  |TAMS 0x00000000c3700000, 0x00000000c3700000| Untracked 
|  42|0x00000000c3800000, 0x00000000c3800000, 0x00000000c3900000|  0%| F|  |TAMS 0x00000000c3800000, 0x00000000c3800000| Untracked 
|  43|0x00000000c3900000, 0x00000000c3900000, 0x00000000c3a00000|  0%| F|  |TAMS 0x00000000c3900000, 0x00000000c3900000| Untracked 
|  44|0x00000000c3a00000, 0x00000000c3a00000, 0x00000000c3b00000|  0%| F|  |TAMS 0x00000000c3a00000, 0x00000000c3a00000| Untracked 
|  45|0x00000000c3b00000, 0x00000000c3b00000, 0x00000000c3c00000|  0%| F|  |TAMS 0x00000000c3b00000, 0x00000000c3b00000| Untracked 
|  46|0x00000000c3c00000, 0x00000000c3c00000, 0x00000000c3d00000|  0%| F|  |TAMS 0x00000000c3c00000, 0x00000000c3c00000| Untracked 
|  47|0x00000000c3d00000, 0x00000000c3d00000, 0x00000000c3e00000|  0%| F|  |TAMS 0x00000000c3d00000, 0x00000000c3d00000| Untracked 
|  48|0x00000000c3e00000, 0x00000000c3e00000, 0x00000000c3f00000|  0%| F|  |TAMS 0x00000000c3e00000, 0x00000000c3e00000| Untracked 
|  49|0x00000000c3f00000, 0x00000000c3f00000, 0x00000000c4000000|  0%| F|  |TAMS 0x00000000c3f00000, 0x00000000c3f00000| Untracked 
|  50|0x00000000c4000000, 0x00000000c4000000, 0x00000000c4100000|  0%| F|  |TAMS 0x00000000c4000000, 0x00000000c4000000| Untracked 
|  51|0x00000000c4100000, 0x00000000c4100000, 0x00000000c4200000|  0%| F|  |TAMS 0x00000000c4100000, 0x00000000c4100000| Untracked 
|  52|0x00000000c4200000, 0x00000000c4200000, 0x00000000c4300000|  0%| F|  |TAMS 0x00000000c4200000, 0x00000000c4200000| Untracked 
|  53|0x00000000c4300000, 0x00000000c4300000, 0x00000000c4400000|  0%| F|  |TAMS 0x00000000c4300000, 0x00000000c4300000| Untracked 
|  54|0x00000000c4400000, 0x00000000c4400000, 0x00000000c4500000|  0%| F|  |TAMS 0x00000000c4400000, 0x00000000c4400000| Untracked 
|  55|0x00000000c4500000, 0x00000000c4500000, 0x00000000c4600000|  0%| F|  |TAMS 0x00000000c4500000, 0x00000000c4500000| Untracked 
|  56|0x00000000c4600000, 0x00000000c4600000, 0x00000000c4700000|  0%| F|  |TAMS 0x00000000c4600000, 0x00000000c4600000| Untracked 
|  57|0x00000000c4700000, 0x00000000c4700000, 0x00000000c4800000|  0%| F|  |TAMS 0x00000000c4700000, 0x00000000c4700000| Untracked 
|  58|0x00000000c4800000, 0x00000000c4800000, 0x00000000c4900000|  0%| F|  |TAMS 0x00000000c4800000, 0x00000000c4800000| Untracked 
|  59|0x00000000c4900000, 0x00000000c4900000, 0x00000000c4a00000|  0%| F|  |TAMS 0x00000000c4900000, 0x00000000c4900000| Untracked 
|  60|0x00000000c4a00000, 0x00000000c4a00000, 0x00000000c4b00000|  0%| F|  |TAMS 0x00000000c4a00000, 0x00000000c4a00000| Untracked 
|  61|0x00000000c4b00000, 0x00000000c4b00000, 0x00000000c4c00000|  0%| F|  |TAMS 0x00000000c4b00000, 0x00000000c4b00000| Untracked 
|  62|0x00000000c4c00000, 0x00000000c4c00000, 0x00000000c4d00000|  0%| F|  |TAMS 0x00000000c4c00000, 0x00000000c4c00000| Untracked 
|  63|0x00000000c4d00000, 0x00000000c4d00000, 0x00000000c4e00000|  0%| F|  |TAMS 0x00000000c4d00000, 0x00000000c4d00000| Untracked 
|  64|0x00000000c4e00000, 0x00000000c4e00000, 0x00000000c4f00000|  0%| F|  |TAMS 0x00000000c4e00000, 0x00000000c4e00000| Untracked 
|  65|0x00000000c4f00000, 0x00000000c4f00000, 0x00000000c5000000|  0%| F|  |TAMS 0x00000000c4f00000, 0x00000000c4f00000| Untracked 
|  66|0x00000000c5000000, 0x00000000c5000000, 0x00000000c5100000|  0%| F|  |TAMS 0x00000000c5000000, 0x00000000c5000000| Untracked 
|  67|0x00000000c5100000, 0x00000000c5100000, 0x00000000c5200000|  0%| F|  |TAMS 0x00000000c5100000, 0x00000000c5100000| Untracked 
|  68|0x00000000c5200000, 0x00000000c5200000, 0x00000000c5300000|  0%| F|  |TAMS 0x00000000c5200000, 0x00000000c5200000| Untracked 
|  69|0x00000000c5300000, 0x00000000c5300000, 0x00000000c5400000|  0%| F|  |TAMS 0x00000000c5300000, 0x00000000c5300000| Untracked 
|  70|0x00000000c5400000, 0x00000000c5400000, 0x00000000c5500000|  0%| F|  |TAMS 0x00000000c5400000, 0x00000000c5400000| Untracked 
|  71|0x00000000c5500000, 0x00000000c5500000, 0x00000000c5600000|  0%| F|  |TAMS 0x00000000c5500000, 0x00000000c5500000| Untracked 
|  72|0x00000000c5600000, 0x00000000c5600000, 0x00000000c5700000|  0%| F|  |TAMS 0x00000000c5600000, 0x00000000c5600000| Untracked 
|  73|0x00000000c5700000, 0x00000000c5700000, 0x00000000c5800000|  0%| F|  |TAMS 0x00000000c5700000, 0x00000000c5700000| Untracked 
|  74|0x00000000c5800000, 0x00000000c5800000, 0x00000000c5900000|  0%| F|  |TAMS 0x00000000c5800000, 0x00000000c5800000| Untracked 
|  75|0x00000000c5900000, 0x00000000c5900000, 0x00000000c5a00000|  0%| F|  |TAMS 0x00000000c5900000, 0x00000000c5900000| Untracked 
|  76|0x00000000c5a00000, 0x00000000c5a00000, 0x00000000c5b00000|  0%| F|  |TAMS 0x00000000c5a00000, 0x00000000c5a00000| Untracked 
|  77|0x00000000c5b00000, 0x00000000c5b00000, 0x00000000c5c00000|  0%| F|  |TAMS 0x00000000c5b00000, 0x00000000c5b00000| Untracked 
|  78|0x00000000c5c00000, 0x00000000c5c00000, 0x00000000c5d00000|  0%| F|  |TAMS 0x00000000c5c00000, 0x00000000c5c00000| Untracked 
|  79|0x00000000c5d00000, 0x00000000c5d00000, 0x00000000c5e00000|  0%| F|  |TAMS 0x00000000c5d00000, 0x00000000c5d00000| Untracked 
|  80|0x00000000c5e00000, 0x00000000c5e00000, 0x00000000c5f00000|  0%| F|  |TAMS 0x00000000c5e00000, 0x00000000c5e00000| Untracked 
|  81|0x00000000c5f00000, 0x00000000c5f00000, 0x00000000c6000000|  0%| F|  |TAMS 0x00000000c5f00000, 0x00000000c5f00000| Untracked 
|  82|0x00000000c6000000, 0x00000000c6000000, 0x00000000c6100000|  0%| F|  |TAMS 0x00000000c6000000, 0x00000000c6000000| Untracked 
|  83|0x00000000c6100000, 0x00000000c6100000, 0x00000000c6200000|  0%| F|  |TAMS 0x00000000c6100000, 0x00000000c6100000| Untracked 
|  84|0x00000000c6200000, 0x00000000c6200000, 0x00000000c6300000|  0%| F|  |TAMS 0x00000000c6200000, 0x00000000c6200000| Untracked 
|  85|0x00000000c6300000, 0x00000000c6300000, 0x00000000c6400000|  0%| F|  |TAMS 0x00000000c6300000, 0x00000000c6300000| Untracked 
|  86|0x00000000c6400000, 0x00000000c6400000, 0x00000000c6500000|  0%| F|  |TAMS 0x00000000c6400000, 0x00000000c6400000| Untracked 
|  87|0x00000000c6500000, 0x00000000c6500000, 0x00000000c6600000|  0%| F|  |TAMS 0x00000000c6500000, 0x00000000c6500000| Untracked 
|  88|0x00000000c6600000, 0x00000000c6600000, 0x00000000c6700000|  0%| F|  |TAMS 0x00000000c6600000, 0x00000000c6600000| Untracked 
|  89|0x00000000c6700000, 0x00000000c6700000, 0x00000000c6800000|  0%| F|  |TAMS 0x00000000c6700000, 0x00000000c6700000| Untracked 
|  90|0x00000000c6800000, 0x00000000c6800000, 0x00000000c6900000|  0%| F|  |TAMS 0x00000000c6800000, 0x00000000c6800000| Untracked 
|  91|0x00000000c6900000, 0x00000000c6900000, 0x00000000c6a00000|  0%| F|  |TAMS 0x00000000c6900000, 0x00000000c6900000| Untracked 
|  92|0x00000000c6a00000, 0x00000000c6a00000, 0x00000000c6b00000|  0%| F|  |TAMS 0x00000000c6a00000, 0x00000000c6a00000| Untracked 
|  93|0x00000000c6b00000, 0x00000000c6b00000, 0x00000000c6c00000|  0%| F|  |TAMS 0x00000000c6b00000, 0x00000000c6b00000| Untracked 
|  94|0x00000000c6c00000, 0x00000000c6c00000, 0x00000000c6d00000|  0%| F|  |TAMS 0x00000000c6c00000, 0x00000000c6c00000| Untracked 
|  95|0x00000000c6d00000, 0x00000000c6d00000, 0x00000000c6e00000|  0%| F|  |TAMS 0x00000000c6d00000, 0x00000000c6d00000| Untracked 
|  96|0x00000000c6e00000, 0x00000000c6e00000, 0x00000000c6f00000|  0%| F|  |TAMS 0x00000000c6e00000, 0x00000000c6e00000| Untracked 
|  97|0x00000000c6f00000, 0x00000000c6f00000, 0x00000000c7000000|  0%| F|  |TAMS 0x00000000c6f00000, 0x00000000c6f00000| Untracked 
|  98|0x00000000c7000000, 0x00000000c7000000, 0x00000000c7100000|  0%| F|  |TAMS 0x00000000c7000000, 0x00000000c7000000| Untracked 
|  99|0x00000000c7100000, 0x00000000c7100000, 0x00000000c7200000|  0%| F|  |TAMS 0x00000000c7100000, 0x00000000c7100000| Untracked 
| 100|0x00000000c7200000, 0x00000000c7200000, 0x00000000c7300000|  0%| F|  |TAMS 0x00000000c7200000, 0x00000000c7200000| Untracked 
| 101|0x00000000c7300000, 0x00000000c7300000, 0x00000000c7400000|  0%| F|  |TAMS 0x00000000c7300000, 0x00000000c7300000| Untracked 
| 102|0x00000000c7400000, 0x00000000c7400000, 0x00000000c7500000|  0%| F|  |TAMS 0x00000000c7400000, 0x00000000c7400000| Untracked 
| 103|0x00000000c7500000, 0x00000000c7500000, 0x00000000c7600000|  0%| F|  |TAMS 0x00000000c7500000, 0x00000000c7500000| Untracked 
| 104|0x00000000c7600000, 0x00000000c7600000, 0x00000000c7700000|  0%| F|  |TAMS 0x00000000c7600000, 0x00000000c7600000| Untracked 
| 105|0x00000000c7700000, 0x00000000c7700000, 0x00000000c7800000|  0%| F|  |TAMS 0x00000000c7700000, 0x00000000c7700000| Untracked 
| 106|0x00000000c7800000, 0x00000000c7800000, 0x00000000c7900000|  0%| F|  |TAMS 0x00000000c7800000, 0x00000000c7800000| Untracked 
| 107|0x00000000c7900000, 0x00000000c7900000, 0x00000000c7a00000|  0%| F|  |TAMS 0x00000000c7900000, 0x00000000c7900000| Untracked 
| 108|0x00000000c7a00000, 0x00000000c7a00000, 0x00000000c7b00000|  0%| F|  |TAMS 0x00000000c7a00000, 0x00000000c7a00000| Untracked 
| 109|0x00000000c7b00000, 0x00000000c7b00000, 0x00000000c7c00000|  0%| F|  |TAMS 0x00000000c7b00000, 0x00000000c7b00000| Untracked 
| 110|0x00000000c7c00000, 0x00000000c7c00000, 0x00000000c7d00000|  0%| F|  |TAMS 0x00000000c7c00000, 0x00000000c7c00000| Untracked 
| 111|0x00000000c7d00000, 0x00000000c7d00000, 0x00000000c7e00000|  0%| F|  |TAMS 0x00000000c7d00000, 0x00000000c7d00000| Untracked 
| 112|0x00000000c7e00000, 0x00000000c7e00000, 0x00000000c7f00000|  0%| F|  |TAMS 0x00000000c7e00000, 0x00000000c7e00000| Untracked 
| 113|0x00000000c7f00000, 0x00000000c7f00000, 0x00000000c8000000|  0%| F|  |TAMS 0x00000000c7f00000, 0x00000000c7f00000| Untracked 
| 114|0x00000000c8000000, 0x00000000c8000000, 0x00000000c8100000|  0%| F|  |TAMS 0x00000000c8000000, 0x00000000c8000000| Untracked 
| 115|0x00000000c8100000, 0x00000000c8100000, 0x00000000c8200000|  0%| F|  |TAMS 0x00000000c8100000, 0x00000000c8100000| Untracked 
| 116|0x00000000c8200000, 0x00000000c8200000, 0x00000000c8300000|  0%| F|  |TAMS 0x00000000c8200000, 0x00000000c8200000| Untracked 
| 117|0x00000000c8300000, 0x00000000c8300000, 0x00000000c8400000|  0%| F|  |TAMS 0x00000000c8300000, 0x00000000c8300000| Untracked 
| 118|0x00000000c8400000, 0x00000000c84f6c90, 0x00000000c8500000| 96%| E|  |TAMS 0x00000000c8400000, 0x00000000c8400000| Complete 
| 119|0x00000000c8500000, 0x00000000c8600000, 0x00000000c8600000|100%| E|CS|TAMS 0x00000000c8500000, 0x00000000c8500000| Complete 
| 120|0x00000000c8600000, 0x00000000c8700000, 0x00000000c8700000|100%| E|CS|TAMS 0x00000000c8600000, 0x00000000c8600000| Complete 
| 121|0x00000000c8700000, 0x00000000c8800000, 0x00000000c8800000|100%| E|CS|TAMS 0x00000000c8700000, 0x00000000c8700000| Complete 
| 122|0x00000000c8800000, 0x00000000c8900000, 0x00000000c8900000|100%| E|CS|TAMS 0x00000000c8800000, 0x00000000c8800000| Complete 
| 123|0x00000000c8900000, 0x00000000c8a00000, 0x00000000c8a00000|100%| E|CS|TAMS 0x00000000c8900000, 0x00000000c8900000| Complete 
| 124|0x00000000c8a00000, 0x00000000c8b00000, 0x00000000c8b00000|100%| E|CS|TAMS 0x00000000c8a00000, 0x00000000c8a00000| Complete 
| 125|0x00000000c8b00000, 0x00000000c8c00000, 0x00000000c8c00000|100%| E|CS|TAMS 0x00000000c8b00000, 0x00000000c8b00000| Complete 
| 126|0x00000000c8c00000, 0x00000000c8d00000, 0x00000000c8d00000|100%| E|CS|TAMS 0x00000000c8c00000, 0x00000000c8c00000| Complete 
| 127|0x00000000c8d00000, 0x00000000c8e00000, 0x00000000c8e00000|100%| E|CS|TAMS 0x00000000c8d00000, 0x00000000c8d00000| Complete 

Card table byte_map: [0x0000021c5f020000,0x0000021c5f220000] _byte_map_base: 0x0000021c5ea19000

Marking Bits (Prev, Next): (CMBitMap*) 0x0000021c4b7a95e8, (CMBitMap*) 0x0000021c4b7a9620
 Prev Bits: [0x0000021c5f420000, 0x0000021c603e8000)
 Next Bits: [0x0000021c603f0000, 0x0000021c613b8000)

Polling page: 0x0000021c4f390000

Metaspace:

Usage:
  Non-class:      9.09 MB capacity,     8.90 MB ( 98%) used,   164.94 KB (  2%) free+waste,    30.06 KB ( <1%) overhead. 
      Class:      1.17 MB capacity,     1.02 MB ( 87%) used,   145.44 KB ( 12%) free+waste,    15.63 KB (  1%) overhead. 
       Both:     10.26 MB capacity,     9.91 MB ( 97%) used,   310.38 KB (  3%) free+waste,    45.69 KB ( <1%) overhead. 

Virtual space:
  Non-class space:       10.00 MB reserved,       9.25 MB ( 93%) committed 
      Class space:        1.00 GB reserved,       1.25 MB ( <1%) committed 
             Both:        1.01 GB reserved,      10.50 MB (  1%) committed 

Chunk freelists:
   Non-Class:  40.00 KB
       Class:  13.00 KB
        Both:  53.00 KB

MaxMetaspaceSize: 17179869184.00 GB
CompressedClassSpaceSize: 1.00 GB

CodeHeap 'non-profiled nmethods': size=120000Kb used=186Kb max_used=186Kb free=119814Kb
 bounds [0x0000021c56e80000, 0x0000021c570f0000, 0x0000021c5e3b0000]
CodeHeap 'profiled nmethods': size=120000Kb used=1034Kb max_used=1034Kb free=118966Kb
 bounds [0x0000021c4f950000, 0x0000021c4fbc0000, 0x0000021c56e80000]
CodeHeap 'non-nmethods': size=5760Kb used=1090Kb max_used=1106Kb free=4669Kb
 bounds [0x0000021c4f3b0000, 0x0000021c4f620000, 0x0000021c4f950000]
 total_blobs=1093 nmethods=691 adapters=314
 compilation: enabled
              stopped_count=0, restarted_count=0
 full_count=0

Compilation events (20 events):
Event: 0.823 Thread 0x0000021c63e6e000 nmethod 681 0x0000021c4fa50f90 code [0x0000021c4fa51160, 0x0000021c4fa513b8]
Event: 0.823 Thread 0x0000021c63e6e000  683       3       java.lang.String::<init> (14 bytes)
Event: 0.824 Thread 0x0000021c63e6e000 nmethod 683 0x0000021c4fa51490 code [0x0000021c4fa51660, 0x0000021c4fa51858]
Event: 0.824 Thread 0x0000021c63e6e000  684       3       java.lang.String::rangeCheck (9 bytes)
Event: 0.824 Thread 0x0000021c63e6e000 nmethod 684 0x0000021c4fa51990 code [0x0000021c4fa51b40, 0x0000021c4fa51c68]
Event: 0.824 Thread 0x0000021c63e69000 nmethod 605 0x0000021c56ea9b90 code [0x0000021c56ea9da0, 0x0000021c56eaacb8]
Event: 0.824 Thread 0x0000021c63e69000  658       4       java.util.Arrays::copyOfRange (63 bytes)
Event: 0.825 Thread 0x0000021c63e6e000  685       3       java.io.BufferedInputStream::getBufIfOpen (21 bytes)
Event: 0.825 Thread 0x0000021c63e6e000 nmethod 685 0x0000021c4fa51d10 code [0x0000021c4fa51ee0, 0x0000021c4fa520e8]
Event: 0.826 Thread 0x0000021c63e69000 nmethod 658 0x0000021c56eab590 code [0x0000021c56eab720, 0x0000021c56eab978]
Event: 0.826 Thread 0x0000021c63e69000  625       4       jdk.internal.org.objectweb.asm.ClassWriter::newUTF8 (70 bytes)
Event: 0.829 Thread 0x0000021c63e6e000  689       3       jdk.internal.org.objectweb.asm.MethodVisitor::<init> (35 bytes)
Event: 0.829 Thread 0x0000021c63e6e000 nmethod 689 0x0000021c4fa52210 code [0x0000021c4fa523e0, 0x0000021c4fa526c8]
Event: 0.851 Thread 0x0000021c63e69000 nmethod 625 0x0000021c56eac490 code [0x0000021c56eac6a0, 0x0000021c56ead688]
Event: 0.851 Thread 0x0000021c63e69000  654       4       jdk.internal.org.objectweb.asm.ByteVector::putByte (39 bytes)
Event: 0.852 Thread 0x0000021c63e69000 nmethod 654 0x0000021c56eadd90 code [0x0000021c56eadf40, 0x0000021c56eae068]
Event: 0.852 Thread 0x0000021c63e69000  686       4       java.lang.String::getBytes (44 bytes)
Event: 0.853 Thread 0x0000021c63e69000 nmethod 686 0x0000021c56eae190 code [0x0000021c56eae320, 0x0000021c56eae438]
Event: 0.853 Thread 0x0000021c63e69000  675       4       java.lang.invoke.MemberName::getReferenceKind (12 bytes)
Event: 0.853 Thread 0x0000021c63e69000 nmethod 675 0x0000021c56eae590 code [0x0000021c56eae720, 0x0000021c56eae798]

GC Heap History (0 events):
No events

Deoptimization events (8 events):
Event: 0.406 Thread 0x0000021c4b778000 Uncommon trap: trap_request=0xffffff4d fr.pc=0x0000021c56e83f00 relative=0x00000000000001e0
Event: 0.406 Thread 0x0000021c4b778000 Uncommon trap: reason=unstable_if action=reinterpret pc=0x0000021c56e83f00 method=java.lang.String.hashCode()I @ 14 c2
Event: 0.406 Thread 0x0000021c4b778000 DEOPT PACKING pc=0x0000021c56e83f00 sp=0x00000077f57fd3f0
Event: 0.406 Thread 0x0000021c4b778000 DEOPT UNPACKING pc=0x0000021c4f3d74af sp=0x00000077f57fd388 mode 2
Event: 0.812 Thread 0x0000021c64d1e000 Uncommon trap: trap_request=0xffffff4d fr.pc=0x0000021c56ea7798 relative=0x00000000000001d8
Event: 0.812 Thread 0x0000021c64d1e000 Uncommon trap: reason=unstable_if action=reinterpret pc=0x0000021c56ea7798 method=jdk.internal.org.objectweb.asm.Type.getArgumentsAndReturnSizes(Ljava/lang/String;)I @ 130 c2
Event: 0.812 Thread 0x0000021c64d1e000 DEOPT PACKING pc=0x0000021c56ea7798 sp=0x00000077f6ef9db0
Event: 0.812 Thread 0x0000021c64d1e000 DEOPT UNPACKING pc=0x0000021c4f3d74af sp=0x00000077f6ef9d40 mode 2

Classes redefined (0 events):
No events

Internal exceptions (18 events):
Event: 0.535 Thread 0x0000021c4b778000 Exception <a 'java/lang/NoSuchMethodError'{0x00000000c8a9f8f0}: 'java.lang.Object java.lang.invoke.DirectMethodHandle$Holder.invokeStaticInit(java.lang.Object, int, int, int, int)'> (0x00000000c8a9f8f0) thrown at [./src/hotspot/share/interpreter/linkResolver.cpp, line 773]
Event: 0.710 Thread 0x0000021c4b778000 Exception <a 'java/lang/NoSuchMethodError'{0x00000000c8aebdb0}: 'java.lang.Object java.lang.invoke.DirectMethodHandle$Holder.invokeStaticInit(java.lang.Object, java.lang.Object, int, int, int, int)'> (0x00000000c8aebdb0) thrown at [./src/hotspot/share/interpreter/linkResolver.cpp, line 773]
Event: 0.762 Thread 0x0000021c64d18800 Exception <a 'java/lang/NoSuchMethodError'{0x00000000c87c4020}: 'java.lang.Object java.lang.invoke.DirectMethodHandle$Holder.invokeStatic(java.lang.Object, java.lang.Object, java.lang.Object, java.lang.Object, java.lang.Object, java.lang.Object, java.lang.Object, java.lang.Object, java.lang.Object, java.lang.Object, java.lang.Object, java.lang.Object, java.lang.Object, int)'> (0x00000000c87c4020) thrown at [./src/hotspot/share/interpreter/linkResolver.cpp, line 773]
Event: 0.764 Thread 0x0000021c64d1e000 Exception <a 'java/lang/NoSuchMethodError'{0x00000000c8742ec0}: 'java.lang.Object java.lang.invoke.DirectMethodHandle$Holder.invokeStatic(java.lang.Object, java.lang.Object, java.lang.Object, java.lang.Object, java.lang.Object, java.lang.Object, java.lang.Object, java.lang.Object, java.lang.Object, java.lang.Object, java.lang.Object, java.lang.Object, java.lang.Object, int, int)'> (0x00000000c8742ec0) thrown at [./src/hotspot/share/interpreter/linkResolver.cpp, line 773]
Event: 0.767 Thread 0x0000021c64d1e000 Exception <a 'java/lang/NoSuchMethodError'{0x00000000c8755508}: 'java.lang.Object java.lang.invoke.DelegatingMethodHandle$Holder.reinvoke_L(java.lang.Object, int, java.lang.Object)'> (0x00000000c8755508) thrown at [./src/hotspot/share/interpreter/linkResolver.cpp, line 773]
Event: 0.767 Thread 0x0000021c64d18800 Exception <a 'java/lang/NoSuchMethodError'{0x00000000c87e2dc0}: 'java.lang.Object java.lang.invoke.DelegatingMethodHandle$Holder.reinvoke_L(java.lang.Object, int, java.lang.Object)'> (0x00000000c87e2dc0) thrown at [./src/hotspot/share/interpreter/linkResolver.cpp, line 773]
Event: 0.804 Thread 0x0000021c64ed0800 Exception <a 'java/lang/NoSuchMethodError'{0x00000000c8521e10}: <clinit>> (0x00000000c8521e10) thrown at [./src/hotspot/share/prims/jni.cpp, line 1362]
Event: 0.805 Thread 0x0000021c64d1e000 Exception <a 'java/lang/NoSuchMethodError'{0x00000000c8584680}: 'java.lang.Object java.lang.invoke.DirectMethodHandle$Holder.invokeStatic(java.lang.Object, java.lang.Object, java.lang.Object, java.lang.Object, java.lang.Object, java.lang.Object, java.lang.Object, java.lang.Object, java.lang.Object, java.lang.Object, java.lang.Object, java.lang.Object, java.lang.Object, java.lang.Object, java.lang.Object)'> (0x00000000c8584680) thrown at [./src/hotspot/share/interpreter/linkResolver.cpp, line 773]
Event: 0.807 Thread 0x0000021c64d1e000 Exception <a 'java/lang/NoSuchMethodError'{0x00000000c85924c8}: 'java.lang.Object java.lang.invoke.DirectMethodHandle$Holder.invokeStatic(java.lang.Object, java.lang.Object, java.lang.Object, java.lang.Object, java.lang.Object, java.lang.Object, java.lang.Object, java.lang.Object, java.lang.Object, java.lang.Object, java.lang.Object, java.lang.Object, java.lang.Object, java.lang.Object, java.lang.Object, java.lang.Object)'> (0x00000000c85924c8) thrown at [./src/hotspot/share/interpreter/linkResolver.cpp, l
Event: 0.808 Thread 0x0000021c64d1e000 Exception <a 'java/lang/NoSuchMethodError'{0x00000000c85a04b8}: 'java.lang.Object java.lang.invoke.DirectMethodHandle$Holder.invokeSpecial(java.lang.Object, java.lang.Object, int, int, java.lang.Object, int, java.lang.Object, java.lang.Object)'> (0x00000000c85a04b8) thrown at [./src/hotspot/share/interpreter/linkResolver.cpp, line 773]
Event: 0.808 Thread 0x0000021c64d1e000 Exception <a 'java/lang/NoSuchMethodError'{0x00000000c85a3af8}: 'java.lang.Object java.lang.invoke.DelegatingMethodHandle$Holder.reinvoke_L(java.lang.Object, int, int, java.lang.Object, int, java.lang.Object, java.lang.Object)'> (0x00000000c85a3af8) thrown at [./src/hotspot/share/interpreter/linkResolver.cpp, line 773]
Event: 0.812 Thread 0x0000021c64d1e000 Exception <a 'java/lang/NoSuchMethodError'{0x00000000c85cfc10}: 'java.lang.Object java.lang.invoke.DirectMethodHandle$Holder.invokeStatic(java.lang.Object, java.lang.Object, java.lang.Object, java.lang.Object, java.lang.Object, java.lang.Object, java.lang.Object, java.lang.Object, int)'> (0x00000000c85cfc10) thrown at [./src/hotspot/share/interpreter/linkResolver.cpp, line 773]
Event: 0.814 Thread 0x0000021c64d1e000 Exception <a 'java/lang/NoSuchMethodError'{0x00000000c85ea148}: 'java.lang.Object java.lang.invoke.DirectMethodHandle$Holder.invokeStatic(java.lang.Object, java.lang.Object, java.lang.Object, java.lang.Object, java.lang.Object, java.lang.Object, java.lang.Object, java.lang.Object, int, int)'> (0x00000000c85ea148) thrown at [./src/hotspot/share/interpreter/linkResolver.cpp, line 773]
Event: 0.816 Thread 0x0000021c64d1e000 Exception <a 'java/lang/NoSuchMethodError'{0x00000000c8406230}: 'java.lang.Object java.lang.invoke.DirectMethodHandle$Holder.invokeStatic(java.lang.Object, java.lang.Object, java.lang.Object, java.lang.Object, java.lang.Object, java.lang.Object, java.lang.Object, java.lang.Object, int, int, java.lang.Object)'> (0x00000000c8406230) thrown at [./src/hotspot/share/interpreter/linkResolver.cpp, line 773]
Event: 0.817 Thread 0x0000021c64d1e000 Exception <a 'java/lang/NoSuchMethodError'{0x00000000c8422a80}: 'java.lang.Object java.lang.invoke.DirectMethodHandle$Holder.invokeStatic(java.lang.Object, java.lang.Object, java.lang.Object, java.lang.Object, java.lang.Object, java.lang.Object, java.lang.Object, java.lang.Object, int, int, java.lang.Object, java.lang.Object)'> (0x00000000c8422a80) thrown at [./src/hotspot/share/interpreter/linkResolver.cpp, line 773]
Event: 0.825 Thread 0x0000021c64d1e000 Exception <a 'java/lang/NoSuchMethodError'{0x00000000c845a2c8}: <clinit>> (0x00000000c845a2c8) thrown at [./src/hotspot/share/prims/jni.cpp, line 1362]
Event: 0.828 Thread 0x0000021c65032800 Exception <a 'java/lang/InterruptedException'{0x00000000c847be58}> (0x00000000c847be58) thrown at [./src/hotspot/share/runtime/objectMonitor.cpp, line 1635]
Event: 0.829 Thread 0x0000021c65032800 Exception <a 'java/lang/NoSuchMethodError'{0x00000000c8483c90}: 'java.lang.Object java.lang.invoke.DirectMethodHandle$Holder.invokeStatic(java.lang.Object, java.lang.Object, int, java.lang.Object, long)'> (0x00000000c8483c90) thrown at [./src/hotspot/share/interpreter/linkResolver.cpp, line 773]

Events (20 events):
Event: 0.821 loading class sun/net/spi/DefaultProxySelector
Event: 0.822 loading class sun/net/spi/DefaultProxySelector done
Event: 0.822 loading class java/net/Proxy
Event: 0.822 loading class java/net/Proxy done
Event: 0.822 loading class java/net/Proxy$Type
Event: 0.822 loading class java/net/Proxy$Type done
Event: 0.822 loading class sun/net/spi/DefaultProxySelector$1
Event: 0.822 loading class sun/net/spi/DefaultProxySelector$1 done
Event: 0.822 loading class sun/net/NetProperties
Event: 0.822 loading class sun/net/NetProperties done
Event: 0.822 loading class sun/net/NetProperties$1
Event: 0.822 loading class sun/net/NetProperties$1 done
Event: 0.823 loading class sun/net/spi/DefaultProxySelector$NonProxyInfo
Event: 0.824 loading class sun/net/spi/DefaultProxySelector$NonProxyInfo done
Event: 0.824 loading class sun/net/spi/DefaultProxySelector$4
Event: 0.824 loading class sun/net/spi/DefaultProxySelector$4 done
Event: 0.828 loading class sun/rmi/transport/tcp/TCPChannel$1
Event: 0.828 loading class sun/rmi/transport/tcp/TCPChannel$1 done
Event: 0.828 loading class sun/rmi/transport/DGCClient$EndpointEntry$1
Event: 0.828 loading class sun/rmi/transport/DGCClient$EndpointEntry$1 done


Dynamic libraries:
0x00007ff69e060000 - 0x00007ff69e06a000 	C:\Program Files\JetBrains\IntelliJ IDEA 2020.3.2\jbr\bin\java.exe
0x00007ffa7c570000 - 0x00007ffa7c765000 	C:\WINDOWS\SYSTEM32\ntdll.dll
0x00007ffa7b680000 - 0x00007ffa7b73d000 	C:\WINDOWS\System32\KERNEL32.DLL
0x00007ffa79e10000 - 0x00007ffa7a0d8000 	C:\WINDOWS\System32\KERNELBASE.dll
0x00007ffa7a0e0000 - 0x00007ffa7a1e0000 	C:\WINDOWS\System32\ucrtbase.dll
0x00007ffa62780000 - 0x00007ffa62797000 	C:\Program Files\JetBrains\IntelliJ IDEA 2020.3.2\jbr\bin\VCRUNTIME140.dll
0x00007ffa65eb0000 - 0x00007ffa65ec9000 	C:\Program Files\JetBrains\IntelliJ IDEA 2020.3.2\jbr\bin\jli.dll
0x00007ffa7ac90000 - 0x00007ffa7ae30000 	C:\WINDOWS\System32\USER32.dll
0x00007ffa79cb0000 - 0x00007ffa79cd2000 	C:\WINDOWS\System32\win32u.dll
0x00007ffa65f40000 - 0x00007ffa661da000 	C:\WINDOWS\WinSxS\amd64_microsoft.windows.common-controls_6595b64144ccf1df_6.0.19041.1052_none_60b8f8fd71f5e8cb\COMCTL32.dll
0x00007ffa7c500000 - 0x00007ffa7c52a000 	C:\WINDOWS\System32\GDI32.dll
0x00007ffa7ab90000 - 0x00007ffa7ac2e000 	C:\WINDOWS\System32\msvcrt.dll
0x00007ffa7a1e0000 - 0x00007ffa7a2eb000 	C:\WINDOWS\System32\gdi32full.dll
0x00007ffa7a450000 - 0x00007ffa7a4ed000 	C:\WINDOWS\System32\msvcp_win.dll
0x00007ffa7c060000 - 0x00007ffa7c090000 	C:\WINDOWS\System32\IMM32.DLL
0x00007ffa4e430000 - 0x00007ffa4e4cd000 	C:\Program Files\JetBrains\IntelliJ IDEA 2020.3.2\jbr\bin\msvcp140.dll
0x00007ffa3db20000 - 0x00007ffa3e5ee000 	C:\Program Files\JetBrains\IntelliJ IDEA 2020.3.2\jbr\bin\server\jvm.dll
0x00007ffa7bfb0000 - 0x00007ffa7c05c000 	C:\WINDOWS\System32\ADVAPI32.dll
0x00007ffa7b310000 - 0x00007ffa7b3ab000 	C:\WINDOWS\System32\sechost.dll
0x00007ffa7af80000 - 0x00007ffa7b0ab000 	C:\WINDOWS\System32\RPCRT4.dll
0x00007ffa7b1b0000 - 0x00007ffa7b1b8000 	C:\WINDOWS\System32\PSAPI.DLL
0x00007ffa73130000 - 0x00007ffa7313a000 	C:\WINDOWS\SYSTEM32\VERSION.dll
0x00007ffa68570000 - 0x00007ffa68597000 	C:\WINDOWS\SYSTEM32\WINMM.dll
0x00007ffa65040000 - 0x00007ffa65049000 	C:\WINDOWS\SYSTEM32\WSOCK32.dll
0x00007ffa7b3b0000 - 0x00007ffa7b41b000 	C:\WINDOWS\System32\WS2_32.dll
0x00007ffa786d0000 - 0x00007ffa786e2000 	C:\WINDOWS\SYSTEM32\kernel.appcore.dll
0x00007ffa72080000 - 0x00007ffa72091000 	C:\Program Files\JetBrains\IntelliJ IDEA 2020.3.2\jbr\bin\verify.dll
0x00007ffa78240000 - 0x00007ffa78424000 	C:\WINDOWS\SYSTEM32\DBGHELP.DLL
0x00007ffa64740000 - 0x00007ffa6476c000 	C:\WINDOWS\SYSTEM32\dbgcore.DLL
0x00007ffa7a4f0000 - 0x00007ffa7a573000 	C:\WINDOWS\System32\bcryptPrimitives.dll
0x00007ffa6ec20000 - 0x00007ffa6ec49000 	C:\Program Files\JetBrains\IntelliJ IDEA 2020.3.2\jbr\bin\java.dll
0x00007ffa76410000 - 0x00007ffa7641b000 	C:\Program Files\JetBrains\IntelliJ IDEA 2020.3.2\jbr\bin\jimage.dll
0x00007ffa6ec80000 - 0x00007ffa6ec98000 	C:\Program Files\JetBrains\IntelliJ IDEA 2020.3.2\jbr\bin\zip.dll
0x00007ffa7b740000 - 0x00007ffa7be7f000 	C:\WINDOWS\System32\SHELL32.dll
0x00007ffa77ab0000 - 0x00007ffa78240000 	C:\WINDOWS\SYSTEM32\windows.storage.dll
0x00007ffa7a830000 - 0x00007ffa7ab85000 	C:\WINDOWS\System32\combase.dll
0x00007ffa79720000 - 0x00007ffa7974c000 	C:\WINDOWS\SYSTEM32\Wldp.dll
0x00007ffa7a780000 - 0x00007ffa7a82e000 	C:\WINDOWS\System32\SHCORE.dll
0x00007ffa7b2b0000 - 0x00007ffa7b305000 	C:\WINDOWS\System32\shlwapi.dll
0x00007ffa79bf0000 - 0x00007ffa79c0f000 	C:\WINDOWS\SYSTEM32\profapi.dll
0x00007ffa6cf40000 - 0x00007ffa6cf5a000 	C:\Program Files\JetBrains\IntelliJ IDEA 2020.3.2\jbr\bin\net.dll
0x00007ffa68660000 - 0x00007ffa6876b000 	C:\WINDOWS\SYSTEM32\WINHTTP.dll
0x00007ffa79490000 - 0x00007ffa794fa000 	C:\WINDOWS\system32\mswsock.dll
0x00007ffa6c5e0000 - 0x00007ffa6c5f4000 	C:\Program Files\JetBrains\IntelliJ IDEA 2020.3.2\jbr\bin\nio.dll
0x00007ffa79670000 - 0x00007ffa79688000 	C:\WINDOWS\SYSTEM32\CRYPTSP.dll
0x00007ffa78dc0000 - 0x00007ffa78df4000 	C:\WINDOWS\system32\rsaenh.dll
0x00007ffa79de0000 - 0x00007ffa79e07000 	C:\WINDOWS\System32\bcrypt.dll
0x00007ffa79bb0000 - 0x00007ffa79bde000 	C:\WINDOWS\SYSTEM32\USERENV.dll
0x00007ffa79660000 - 0x00007ffa7966c000 	C:\WINDOWS\SYSTEM32\CRYPTBASE.dll
0x00007ffa79130000 - 0x00007ffa7916b000 	C:\WINDOWS\SYSTEM32\IPHLPAPI.DLL
0x00007ffa7b190000 - 0x00007ffa7b198000 	C:\WINDOWS\System32\NSI.dll
0x00007ffa70f70000 - 0x00007ffa70f87000 	C:\WINDOWS\SYSTEM32\dhcpcsvc6.DLL
0x00007ffa71b40000 - 0x00007ffa71b5d000 	C:\WINDOWS\SYSTEM32\dhcpcsvc.DLL
0x00007ffa79180000 - 0x00007ffa7924c000 	C:\WINDOWS\SYSTEM32\DNSAPI.dll
0x00007ffa6c5c0000 - 0x00007ffa6c5c8000 	C:\Program Files\JetBrains\IntelliJ IDEA 2020.3.2\jbr\bin\rmi.dll

dbghelp: loaded successfully - version: 4.0.5 - missing functions: none
symbol engine: initialized successfully - sym options: 0x614 - pdb path: .;C:\Program Files\JetBrains\IntelliJ IDEA 2020.3.2\jbr\bin;C:\WINDOWS\SYSTEM32;C:\WINDOWS\WinSxS\amd64_microsoft.windows.common-controls_6595b64144ccf1df_6.0.19041.1052_none_60b8f8fd71f5e8cb;C:\Program Files\JetBrains\IntelliJ IDEA 2020.3.2\jbr\bin\server

VM Arguments:
jvm_args: -Djava.rmi.server.hostname=127.0.0.1 -Duser.timezone=UTC -Xmx1009m -Xms128m -Dfile.encoding=UTF-8 
java_command: com.intellij.database.remote.RemoteJdbcServer com.mysql.cj.jdbc.Driver
java_class_path (initial): C:\Program Files\JetBrains\IntelliJ IDEA 2020.3.2\lib\util.jar;C:\Program Files\JetBrains\IntelliJ IDEA 2020.3.2\lib\trove4j.jar;C:\Program Files\JetBrains\IntelliJ IDEA 2020.3.2\lib\groovy-2.5.11.jar;C:\Program Files\JetBrains\IntelliJ IDEA 2020.3.2\plugins\DatabaseTools\lib\jdbc-console.jar;C:\Users\ASUS\AppData\Roaming\JetBrains\IntelliJIdea2020.3\jdbc-drivers\MySQL ConnectorJ\8.0.21\mysql-connector-java-8.0.21.jar
Launcher Type: SUN_STANDARD

[Global flags]
     intx CICompilerCount                          = 4                                         {product} {ergonomic}
     uint ConcGCThreads                            = 2                                         {product} {ergonomic}
     uint G1ConcRefinementThreads                  = 8                                         {product} {ergonomic}
   size_t G1HeapRegionSize                         = 1048576                                   {product} {ergonomic}
    uintx GCDrainStackTargetSize                   = 64                                        {product} {ergonomic}
   size_t InitialHeapSize                          = 134217728                                 {product} {command line}
   size_t MarkStackSize                            = 4194304                                   {product} {ergonomic}
   size_t MaxHeapSize                              = 1059061760                                {product} {command line, ergonomic}
   size_t MaxNewSize                               = 635437056                                 {product} {ergonomic}
   size_t MinHeapDeltaBytes                        = 1048576                                   {product} {ergonomic}
    uintx NonNMethodCodeHeapSize                   = 5836300                                {pd product} {ergonomic}
    uintx NonProfiledCodeHeapSize                  = 122910970                              {pd product} {ergonomic}
    uintx ProfiledCodeHeapSize                     = 122910970                              {pd product} {ergonomic}
    uintx ReservedCodeCacheSize                    = 251658240                              {pd product} {ergonomic}
     bool SegmentedCodeCache                       = true                                      {product} {ergonomic}
     bool UseCompressedClassPointers               = true                                 {lp64_product} {ergonomic}
     bool UseCompressedOops                        = true                                 {lp64_product} {ergonomic}
     bool UseG1GC                                  = true                                      {product} {ergonomic}
     bool UseLargePagesIndividualAllocation        = false                                  {pd product} {ergonomic}

Logging:
Log output configuration:
 #0: stdout all=warning uptime,level,tags
 #1: stderr all=off uptime,level,tags

Environment Variables:
JAVA_HOME=C:\Program Files\Java\jdk1.8.0_172
PATH=C:\Program Files (x86)\Common Files\Oracle\Java\javapath;C:\Program Files (x86)\Intel\iCLS Client\;C:\Program Files\Intel\iCLS Client\;C:\Windows\system32;C:\Windows;C:\Windows\System32\Wbem;C:\Windows\System32\WindowsPowerShell\v1.0\;C:\Program Files (x86)\NVIDIA Corporation\PhysX\Common;C:\Program Files (x86)\Intel\Intel(R) Management Engine Components\DAL;C:\Program Files\Intel\Intel(R) Management Engine Components\DAL;C:\Program Files (x86)\Intel\Intel(R) Management Engine Components\IPT;C:\Program Files\Intel\Intel(R) Management Engine Components\IPT;C:\WINDOWS\system32;C:\WINDOWS;C:\WINDOWS\System32\Wbem;C:\WINDOWS\System32\WindowsPowerShell\v1.0\;C:\WINDOWS\System32\OpenSSH\;C:\Program Files\Intel\WiFi\bin\;C:\Program Files\Common Files\Intel\WirelessCommon\;C:\Program Files\NVIDIA Corporation\NVIDIA NvDLISR;%M2_HOME%\bin;%JAVA_HOME%;C:\Program Files\Git\cmd;C:\Program Files\PostgreSQL\10\bin;C:\Program Files\PostgreSQL\10\lib;;C:\WINDOWS\system32;C:\WINDOWS;C:\WINDOWS\System32\Wbem;C:\WINDOWS\System32\WindowsPowerShell\v1.0\;C:\WINDOWS\System32\OpenSSH\;C:\Program Files\MySQL\MySQL Shell 8.0\bin\;C:\Users\ASUS\AppData\Local\Microsoft\WindowsApps;;C:\Program Files\JetBrains\IntelliJ IDEA 2020.3.2\bin;
USERNAME=ASUS
OS=Windows_NT
PROCESSOR_IDENTIFIER=Intel64 Family 6 Model 158 Stepping 9, GenuineIntel



---------------  S Y S T E M  ---------------

OS: Windows 10 , 64 bit Build 19041 (10.0.19041.1023)
OS uptime: 5 days 23:55 hours

CPU:total 8 (initial active 8) (4 cores per cpu, 2 threads per core) family 6 model 158 stepping 9, cmov, cx8, fxsr, mmx, sse, sse2, sse3, ssse3, sse4.1, sse4.2, popcnt, avx, avx2, aes, clmul, erms, 3dnowpref, lzcnt, ht, tsc, tscinvbit, bmi1, bmi2, adx, fma

Memory: 4k page, system-wide physical 8076M (415M free)
TotalPageFile size 11876M (AvailPageFile size 4M)
current process WorkingSet (physical memory assigned to process): 62M, peak: 62M
current process commit charge ("private bytes"): 222M, peak: 223M

vm_info: OpenJDK 64-Bit Server VM (11.0.9.1+11-b1145.77) for windows-amd64 JRE (11.0.9.1+11-b1145.77), built on Jan 16 2021 05:14:13 by "" with MS VC++ 14.0 (VS2015)

END.
